<?xml version="1.0" encoding="UTF-8"?>
<testsuite xmlns:xsi="http://www.w3.org/2001/XMLSchema-instance" xsi:noNamespaceSchemaLocation="https://maven.apache.org/surefire/maven-surefire-plugin/xsd/surefire-test-report.xsd" version="3.0.2" name="org.market.bingebuddies.integrationTests.MovieControllerTests" time="2.839" tests="5" errors="0" skipped="0" failures="0">
  <properties>
    <property name="java.specification.version" value="21"/>
    <property name="sun.cpu.isalist" value="amd64"/>
    <property name="sun.jnu.encoding" value="Cp1252"/>
    <property name="java.class.path" value="C:\Users\ioana\OneDrive - unibuc.ro\Desktop\Proiect AWBD 2\BingeBuddies\target\test-classes;C:\Users\ioana\OneDrive - unibuc.ro\Desktop\Proiect AWBD 2\BingeBuddies\target\classes;C:\Users\ioana\.m2\repository\org\springframework\boot\spring-boot-starter-data-jpa\3.5.0\spring-boot-starter-data-jpa-3.5.0.jar;C:\Users\ioana\.m2\repository\org\springframework\boot\spring-boot-starter\3.5.0\spring-boot-starter-3.5.0.jar;C:\Users\ioana\.m2\repository\org\springframework\boot\spring-boot\3.5.0\spring-boot-3.5.0.jar;C:\Users\ioana\.m2\repository\org\springframework\boot\spring-boot-autoconfigure\3.5.0\spring-boot-autoconfigure-3.5.0.jar;C:\Users\ioana\.m2\repository\org\springframework\boot\spring-boot-starter-logging\3.5.0\spring-boot-starter-logging-3.5.0.jar;C:\Users\ioana\.m2\repository\ch\qos\logback\logback-classic\1.5.18\logback-classic-1.5.18.jar;C:\Users\ioana\.m2\repository\ch\qos\logback\logback-core\1.5.18\logback-core-1.5.18.jar;C:\Users\ioana\.m2\repository\org\apache\logging\log4j\log4j-to-slf4j\2.24.3\log4j-to-slf4j-2.24.3.jar;C:\Users\ioana\.m2\repository\org\apache\logging\log4j\log4j-api\2.24.3\log4j-api-2.24.3.jar;C:\Users\ioana\.m2\repository\org\slf4j\jul-to-slf4j\2.0.17\jul-to-slf4j-2.0.17.jar;C:\Users\ioana\.m2\repository\jakarta\annotation\jakarta.annotation-api\2.1.1\jakarta.annotation-api-2.1.1.jar;C:\Users\ioana\.m2\repository\org\yaml\snakeyaml\2.4\snakeyaml-2.4.jar;C:\Users\ioana\.m2\repository\org\springframework\boot\spring-boot-starter-jdbc\3.5.0\spring-boot-starter-jdbc-3.5.0.jar;C:\Users\ioana\.m2\repository\com\zaxxer\HikariCP\6.3.0\HikariCP-6.3.0.jar;C:\Users\ioana\.m2\repository\org\springframework\spring-jdbc\6.2.7\spring-jdbc-6.2.7.jar;C:\Users\ioana\.m2\repository\org\hibernate\orm\hibernate-core\6.6.15.Final\hibernate-core-6.6.15.Final.jar;C:\Users\ioana\.m2\repository\jakarta\persistence\jakarta.persistence-api\3.1.0\jakarta.persistence-api-3.1.0.jar;C:\Users\ioana\.m2\repository\jakarta\transaction\jakarta.transaction-api\2.0.1\jakarta.transaction-api-2.0.1.jar;C:\Users\ioana\.m2\repository\org\jboss\logging\jboss-logging\3.6.1.Final\jboss-logging-3.6.1.Final.jar;C:\Users\ioana\.m2\repository\org\hibernate\common\hibernate-commons-annotations\7.0.3.Final\hibernate-commons-annotations-7.0.3.Final.jar;C:\Users\ioana\.m2\repository\io\smallrye\jandex\3.2.0\jandex-3.2.0.jar;C:\Users\ioana\.m2\repository\com\fasterxml\classmate\1.7.0\classmate-1.7.0.jar;C:\Users\ioana\.m2\repository\net\bytebuddy\byte-buddy\1.17.5\byte-buddy-1.17.5.jar;C:\Users\ioana\.m2\repository\org\glassfish\jaxb\jaxb-runtime\4.0.5\jaxb-runtime-4.0.5.jar;C:\Users\ioana\.m2\repository\org\glassfish\jaxb\jaxb-core\4.0.5\jaxb-core-4.0.5.jar;C:\Users\ioana\.m2\repository\org\eclipse\angus\angus-activation\2.0.2\angus-activation-2.0.2.jar;C:\Users\ioana\.m2\repository\org\glassfish\jaxb\txw2\4.0.5\txw2-4.0.5.jar;C:\Users\ioana\.m2\repository\com\sun\istack\istack-commons-runtime\4.1.2\istack-commons-runtime-4.1.2.jar;C:\Users\ioana\.m2\repository\jakarta\inject\jakarta.inject-api\2.0.1\jakarta.inject-api-2.0.1.jar;C:\Users\ioana\.m2\repository\org\antlr\antlr4-runtime\4.13.0\antlr4-runtime-4.13.0.jar;C:\Users\ioana\.m2\repository\org\springframework\data\spring-data-jpa\3.5.0\spring-data-jpa-3.5.0.jar;C:\Users\ioana\.m2\repository\org\springframework\data\spring-data-commons\3.5.0\spring-data-commons-3.5.0.jar;C:\Users\ioana\.m2\repository\org\springframework\spring-orm\6.2.7\spring-orm-6.2.7.jar;C:\Users\ioana\.m2\repository\org\springframework\spring-context\6.2.7\spring-context-6.2.7.jar;C:\Users\ioana\.m2\repository\org\springframework\spring-tx\6.2.7\spring-tx-6.2.7.jar;C:\Users\ioana\.m2\repository\org\springframework\spring-beans\6.2.7\spring-beans-6.2.7.jar;C:\Users\ioana\.m2\repository\org\springframework\spring-aspects\6.2.7\spring-aspects-6.2.7.jar;C:\Users\ioana\.m2\repository\org\springframework\boot\spring-boot-starter-web\3.5.0\spring-boot-starter-web-3.5.0.jar;C:\Users\ioana\.m2\repository\org\springframework\boot\spring-boot-starter-json\3.5.0\spring-boot-starter-json-3.5.0.jar;C:\Users\ioana\.m2\repository\com\fasterxml\jackson\core\jackson-databind\2.19.0\jackson-databind-2.19.0.jar;C:\Users\ioana\.m2\repository\com\fasterxml\jackson\core\jackson-annotations\2.19.0\jackson-annotations-2.19.0.jar;C:\Users\ioana\.m2\repository\com\fasterxml\jackson\core\jackson-core\2.19.0\jackson-core-2.19.0.jar;C:\Users\ioana\.m2\repository\com\fasterxml\jackson\datatype\jackson-datatype-jdk8\2.19.0\jackson-datatype-jdk8-2.19.0.jar;C:\Users\ioana\.m2\repository\com\fasterxml\jackson\datatype\jackson-datatype-jsr310\2.19.0\jackson-datatype-jsr310-2.19.0.jar;C:\Users\ioana\.m2\repository\com\fasterxml\jackson\module\jackson-module-parameter-names\2.19.0\jackson-module-parameter-names-2.19.0.jar;C:\Users\ioana\.m2\repository\org\springframework\boot\spring-boot-starter-tomcat\3.5.0\spring-boot-starter-tomcat-3.5.0.jar;C:\Users\ioana\.m2\repository\org\apache\tomcat\embed\tomcat-embed-core\10.1.41\tomcat-embed-core-10.1.41.jar;C:\Users\ioana\.m2\repository\org\apache\tomcat\embed\tomcat-embed-websocket\10.1.41\tomcat-embed-websocket-10.1.41.jar;C:\Users\ioana\.m2\repository\org\springframework\spring-web\6.2.7\spring-web-6.2.7.jar;C:\Users\ioana\.m2\repository\io\micrometer\micrometer-observation\1.15.0\micrometer-observation-1.15.0.jar;C:\Users\ioana\.m2\repository\io\micrometer\micrometer-commons\1.15.0\micrometer-commons-1.15.0.jar;C:\Users\ioana\.m2\repository\org\springframework\spring-webmvc\6.2.7\spring-webmvc-6.2.7.jar;C:\Users\ioana\.m2\repository\org\springframework\spring-expression\6.2.7\spring-expression-6.2.7.jar;C:\Users\ioana\.m2\repository\org\springframework\boot\spring-boot-starter-validation\3.5.0\spring-boot-starter-validation-3.5.0.jar;C:\Users\ioana\.m2\repository\org\apache\tomcat\embed\tomcat-embed-el\10.1.41\tomcat-embed-el-10.1.41.jar;C:\Users\ioana\.m2\repository\org\hibernate\validator\hibernate-validator\8.0.2.Final\hibernate-validator-8.0.2.Final.jar;C:\Users\ioana\.m2\repository\jakarta\validation\jakarta.validation-api\3.0.2\jakarta.validation-api-3.0.2.jar;C:\Users\ioana\.m2\repository\nz\net\ultraq\thymeleaf\thymeleaf-layout-dialect\3.3.0\thymeleaf-layout-dialect-3.3.0.jar;C:\Users\ioana\.m2\repository\org\apache\groovy\groovy\4.0.26\groovy-4.0.26.jar;C:\Users\ioana\.m2\repository\nz\net\ultraq\groovy\groovy-extensions\2.1.0\groovy-extensions-2.1.0.jar;C:\Users\ioana\.m2\repository\nz\net\ultraq\thymeleaf\thymeleaf-expression-processor\3.2.0\thymeleaf-expression-processor-3.2.0.jar;C:\Users\ioana\.m2\repository\org\thymeleaf\thymeleaf\3.1.3.RELEASE\thymeleaf-3.1.3.RELEASE.jar;C:\Users\ioana\.m2\repository\ognl\ognl\3.3.4\ognl-3.3.4.jar;C:\Users\ioana\.m2\repository\org\javassist\javassist\3.29.0-GA\javassist-3.29.0-GA.jar;C:\Users\ioana\.m2\repository\org\attoparser\attoparser\2.0.7.RELEASE\attoparser-2.0.7.RELEASE.jar;C:\Users\ioana\.m2\repository\org\unbescape\unbescape\1.1.6.RELEASE\unbescape-1.1.6.RELEASE.jar;C:\Users\ioana\.m2\repository\org\slf4j\slf4j-api\2.0.17\slf4j-api-2.0.17.jar;C:\Users\ioana\.m2\repository\com\h2database\h2\2.3.232\h2-2.3.232.jar;C:\Users\ioana\.m2\repository\com\mysql\mysql-connector-j\9.2.0\mysql-connector-j-9.2.0.jar;C:\Users\ioana\.m2\repository\org\projectlombok\lombok\1.18.30\lombok-1.18.30.jar;C:\Users\ioana\.m2\repository\org\springframework\boot\spring-boot-starter-test\3.5.0\spring-boot-starter-test-3.5.0.jar;C:\Users\ioana\.m2\repository\org\springframework\boot\spring-boot-test\3.5.0\spring-boot-test-3.5.0.jar;C:\Users\ioana\.m2\repository\org\springframework\boot\spring-boot-test-autoconfigure\3.5.0\spring-boot-test-autoconfigure-3.5.0.jar;C:\Users\ioana\.m2\repository\com\jayway\jsonpath\json-path\2.9.0\json-path-2.9.0.jar;C:\Users\ioana\.m2\repository\jakarta\xml\bind\jakarta.xml.bind-api\4.0.2\jakarta.xml.bind-api-4.0.2.jar;C:\Users\ioana\.m2\repository\jakarta\activation\jakarta.activation-api\2.1.3\jakarta.activation-api-2.1.3.jar;C:\Users\ioana\.m2\repository\net\minidev\json-smart\2.5.2\json-smart-2.5.2.jar;C:\Users\ioana\.m2\repository\net\minidev\accessors-smart\2.5.2\accessors-smart-2.5.2.jar;C:\Users\ioana\.m2\repository\org\ow2\asm\asm\9.7.1\asm-9.7.1.jar;C:\Users\ioana\.m2\repository\org\assertj\assertj-core\3.27.3\assertj-core-3.27.3.jar;C:\Users\ioana\.m2\repository\org\awaitility\awaitility\4.3.0\awaitility-4.3.0.jar;C:\Users\ioana\.m2\repository\org\hamcrest\hamcrest\3.0\hamcrest-3.0.jar;C:\Users\ioana\.m2\repository\org\junit\jupiter\junit-jupiter\5.12.2\junit-jupiter-5.12.2.jar;C:\Users\ioana\.m2\repository\org\junit\jupiter\junit-jupiter-api\5.12.2\junit-jupiter-api-5.12.2.jar;C:\Users\ioana\.m2\repository\org\opentest4j\opentest4j\1.3.0\opentest4j-1.3.0.jar;C:\Users\ioana\.m2\repository\org\junit\platform\junit-platform-commons\1.12.2\junit-platform-commons-1.12.2.jar;C:\Users\ioana\.m2\repository\org\apiguardian\apiguardian-api\1.1.2\apiguardian-api-1.1.2.jar;C:\Users\ioana\.m2\repository\org\junit\jupiter\junit-jupiter-params\5.12.2\junit-jupiter-params-5.12.2.jar;C:\Users\ioana\.m2\repository\org\junit\jupiter\junit-jupiter-engine\5.12.2\junit-jupiter-engine-5.12.2.jar;C:\Users\ioana\.m2\repository\org\junit\platform\junit-platform-engine\1.12.2\junit-platform-engine-1.12.2.jar;C:\Users\ioana\.m2\repository\org\mockito\mockito-core\5.17.0\mockito-core-5.17.0.jar;C:\Users\ioana\.m2\repository\net\bytebuddy\byte-buddy-agent\1.17.5\byte-buddy-agent-1.17.5.jar;C:\Users\ioana\.m2\repository\org\objenesis\objenesis\3.3\objenesis-3.3.jar;C:\Users\ioana\.m2\repository\org\mockito\mockito-junit-jupiter\5.17.0\mockito-junit-jupiter-5.17.0.jar;C:\Users\ioana\.m2\repository\org\skyscreamer\jsonassert\1.5.3\jsonassert-1.5.3.jar;C:\Users\ioana\.m2\repository\com\vaadin\external\google\android-json\0.0.20131108.vaadin1\android-json-0.0.20131108.vaadin1.jar;C:\Users\ioana\.m2\repository\org\springframework\spring-core\6.2.7\spring-core-6.2.7.jar;C:\Users\ioana\.m2\repository\org\springframework\spring-jcl\6.2.7\spring-jcl-6.2.7.jar;C:\Users\ioana\.m2\repository\org\springframework\spring-test\6.2.7\spring-test-6.2.7.jar;C:\Users\ioana\.m2\repository\org\xmlunit\xmlunit-core\2.10.1\xmlunit-core-2.10.1.jar;C:\Users\ioana\.m2\repository\org\mockito\mockito-inline\5.2.0\mockito-inline-5.2.0.jar;C:\Users\ioana\.m2\repository\org\springframework\boot\spring-boot-starter-aop\3.5.0\spring-boot-starter-aop-3.5.0.jar;C:\Users\ioana\.m2\repository\org\springframework\spring-aop\6.2.7\spring-aop-6.2.7.jar;C:\Users\ioana\.m2\repository\org\aspectj\aspectjweaver\1.9.24\aspectjweaver-1.9.24.jar;C:\Users\ioana\.m2\repository\org\springframework\security\spring-security-test\6.5.0\spring-security-test-6.5.0.jar;C:\Users\ioana\.m2\repository\org\springframework\security\spring-security-core\6.5.0\spring-security-core-6.5.0.jar;C:\Users\ioana\.m2\repository\org\springframework\security\spring-security-crypto\6.5.0\spring-security-crypto-6.5.0.jar;C:\Users\ioana\.m2\repository\org\springframework\security\spring-security-web\6.5.0\spring-security-web-6.5.0.jar;C:\Users\ioana\.m2\repository\org\springframework\boot\spring-boot-starter-security\3.5.0\spring-boot-starter-security-3.5.0.jar;C:\Users\ioana\.m2\repository\org\springframework\security\spring-security-config\6.5.0\spring-security-config-6.5.0.jar;C:\Users\ioana\.m2\repository\org\thymeleaf\extras\thymeleaf-extras-springsecurity6\3.1.3.RELEASE\thymeleaf-extras-springsecurity6-3.1.3.RELEASE.jar;C:\Users\ioana\.m2\repository\org\thymeleaf\thymeleaf-spring6\3.1.3.RELEASE\thymeleaf-spring6-3.1.3.RELEASE.jar;C:\Users\ioana\.m2\repository\org\mapstruct\mapstruct\1.6.0.Beta1\mapstruct-1.6.0.Beta1.jar;C:\Users\ioana\.m2\repository\org\mapstruct\mapstruct-processor\1.6.0.Beta1\mapstruct-processor-1.6.0.Beta1.jar;C:\Users\ioana\.m2\repository\org\projectlombok\lombok-mapstruct-binding\0.2.0\lombok-mapstruct-binding-0.2.0.jar;"/>
    <property name="java.vm.vendor" value="Oracle Corporation"/>
    <property name="sun.arch.data.model" value="64"/>
    <property name="user.variant" value=""/>
    <property name="java.vendor.url" value="https://java.oracle.com/"/>
    <property name="user.timezone" value="Europe/Bucharest"/>
    <property name="org.jboss.logging.provider" value="slf4j"/>
    <property name="os.name" value="Windows 11"/>
    <property name="java.vm.specification.version" value="21"/>
    <property name="APPLICATION_NAME" value="BingeBuddies"/>
    <property name="sun.java.launcher" value="SUN_STANDARD"/>
    <property name="user.country" value="US"/>
    <property name="sun.boot.library.path" value="C:\Program Files\Java\jdk-21\bin"/>
    <property name="sun.java.command" value="C:\Users\ioana\AppData\Local\Temp\surefire362825778414014012\surefirebooter-20250704211917664_3.jar C:\Users\ioana\AppData\Local\Temp\surefire362825778414014012 2025-07-04T21-19-17_471-jvmRun1 surefire-20250704211917664_1tmp surefire_0-20250704211917664_2tmp"/>
    <property name="jdk.debug" value="release"/>
    <property name="surefire.test.class.path" value="C:\Users\ioana\OneDrive - unibuc.ro\Desktop\Proiect AWBD 2\BingeBuddies\target\test-classes;C:\Users\ioana\OneDrive - unibuc.ro\Desktop\Proiect AWBD 2\BingeBuddies\target\classes;C:\Users\ioana\.m2\repository\org\springframework\boot\spring-boot-starter-data-jpa\3.5.0\spring-boot-starter-data-jpa-3.5.0.jar;C:\Users\ioana\.m2\repository\org\springframework\boot\spring-boot-starter\3.5.0\spring-boot-starter-3.5.0.jar;C:\Users\ioana\.m2\repository\org\springframework\boot\spring-boot\3.5.0\spring-boot-3.5.0.jar;C:\Users\ioana\.m2\repository\org\springframework\boot\spring-boot-autoconfigure\3.5.0\spring-boot-autoconfigure-3.5.0.jar;C:\Users\ioana\.m2\repository\org\springframework\boot\spring-boot-starter-logging\3.5.0\spring-boot-starter-logging-3.5.0.jar;C:\Users\ioana\.m2\repository\ch\qos\logback\logback-classic\1.5.18\logback-classic-1.5.18.jar;C:\Users\ioana\.m2\repository\ch\qos\logback\logback-core\1.5.18\logback-core-1.5.18.jar;C:\Users\ioana\.m2\repository\org\apache\logging\log4j\log4j-to-slf4j\2.24.3\log4j-to-slf4j-2.24.3.jar;C:\Users\ioana\.m2\repository\org\apache\logging\log4j\log4j-api\2.24.3\log4j-api-2.24.3.jar;C:\Users\ioana\.m2\repository\org\slf4j\jul-to-slf4j\2.0.17\jul-to-slf4j-2.0.17.jar;C:\Users\ioana\.m2\repository\jakarta\annotation\jakarta.annotation-api\2.1.1\jakarta.annotation-api-2.1.1.jar;C:\Users\ioana\.m2\repository\org\yaml\snakeyaml\2.4\snakeyaml-2.4.jar;C:\Users\ioana\.m2\repository\org\springframework\boot\spring-boot-starter-jdbc\3.5.0\spring-boot-starter-jdbc-3.5.0.jar;C:\Users\ioana\.m2\repository\com\zaxxer\HikariCP\6.3.0\HikariCP-6.3.0.jar;C:\Users\ioana\.m2\repository\org\springframework\spring-jdbc\6.2.7\spring-jdbc-6.2.7.jar;C:\Users\ioana\.m2\repository\org\hibernate\orm\hibernate-core\6.6.15.Final\hibernate-core-6.6.15.Final.jar;C:\Users\ioana\.m2\repository\jakarta\persistence\jakarta.persistence-api\3.1.0\jakarta.persistence-api-3.1.0.jar;C:\Users\ioana\.m2\repository\jakarta\transaction\jakarta.transaction-api\2.0.1\jakarta.transaction-api-2.0.1.jar;C:\Users\ioana\.m2\repository\org\jboss\logging\jboss-logging\3.6.1.Final\jboss-logging-3.6.1.Final.jar;C:\Users\ioana\.m2\repository\org\hibernate\common\hibernate-commons-annotations\7.0.3.Final\hibernate-commons-annotations-7.0.3.Final.jar;C:\Users\ioana\.m2\repository\io\smallrye\jandex\3.2.0\jandex-3.2.0.jar;C:\Users\ioana\.m2\repository\com\fasterxml\classmate\1.7.0\classmate-1.7.0.jar;C:\Users\ioana\.m2\repository\net\bytebuddy\byte-buddy\1.17.5\byte-buddy-1.17.5.jar;C:\Users\ioana\.m2\repository\org\glassfish\jaxb\jaxb-runtime\4.0.5\jaxb-runtime-4.0.5.jar;C:\Users\ioana\.m2\repository\org\glassfish\jaxb\jaxb-core\4.0.5\jaxb-core-4.0.5.jar;C:\Users\ioana\.m2\repository\org\eclipse\angus\angus-activation\2.0.2\angus-activation-2.0.2.jar;C:\Users\ioana\.m2\repository\org\glassfish\jaxb\txw2\4.0.5\txw2-4.0.5.jar;C:\Users\ioana\.m2\repository\com\sun\istack\istack-commons-runtime\4.1.2\istack-commons-runtime-4.1.2.jar;C:\Users\ioana\.m2\repository\jakarta\inject\jakarta.inject-api\2.0.1\jakarta.inject-api-2.0.1.jar;C:\Users\ioana\.m2\repository\org\antlr\antlr4-runtime\4.13.0\antlr4-runtime-4.13.0.jar;C:\Users\ioana\.m2\repository\org\springframework\data\spring-data-jpa\3.5.0\spring-data-jpa-3.5.0.jar;C:\Users\ioana\.m2\repository\org\springframework\data\spring-data-commons\3.5.0\spring-data-commons-3.5.0.jar;C:\Users\ioana\.m2\repository\org\springframework\spring-orm\6.2.7\spring-orm-6.2.7.jar;C:\Users\ioana\.m2\repository\org\springframework\spring-context\6.2.7\spring-context-6.2.7.jar;C:\Users\ioana\.m2\repository\org\springframework\spring-tx\6.2.7\spring-tx-6.2.7.jar;C:\Users\ioana\.m2\repository\org\springframework\spring-beans\6.2.7\spring-beans-6.2.7.jar;C:\Users\ioana\.m2\repository\org\springframework\spring-aspects\6.2.7\spring-aspects-6.2.7.jar;C:\Users\ioana\.m2\repository\org\springframework\boot\spring-boot-starter-web\3.5.0\spring-boot-starter-web-3.5.0.jar;C:\Users\ioana\.m2\repository\org\springframework\boot\spring-boot-starter-json\3.5.0\spring-boot-starter-json-3.5.0.jar;C:\Users\ioana\.m2\repository\com\fasterxml\jackson\core\jackson-databind\2.19.0\jackson-databind-2.19.0.jar;C:\Users\ioana\.m2\repository\com\fasterxml\jackson\core\jackson-annotations\2.19.0\jackson-annotations-2.19.0.jar;C:\Users\ioana\.m2\repository\com\fasterxml\jackson\core\jackson-core\2.19.0\jackson-core-2.19.0.jar;C:\Users\ioana\.m2\repository\com\fasterxml\jackson\datatype\jackson-datatype-jdk8\2.19.0\jackson-datatype-jdk8-2.19.0.jar;C:\Users\ioana\.m2\repository\com\fasterxml\jackson\datatype\jackson-datatype-jsr310\2.19.0\jackson-datatype-jsr310-2.19.0.jar;C:\Users\ioana\.m2\repository\com\fasterxml\jackson\module\jackson-module-parameter-names\2.19.0\jackson-module-parameter-names-2.19.0.jar;C:\Users\ioana\.m2\repository\org\springframework\boot\spring-boot-starter-tomcat\3.5.0\spring-boot-starter-tomcat-3.5.0.jar;C:\Users\ioana\.m2\repository\org\apache\tomcat\embed\tomcat-embed-core\10.1.41\tomcat-embed-core-10.1.41.jar;C:\Users\ioana\.m2\repository\org\apache\tomcat\embed\tomcat-embed-websocket\10.1.41\tomcat-embed-websocket-10.1.41.jar;C:\Users\ioana\.m2\repository\org\springframework\spring-web\6.2.7\spring-web-6.2.7.jar;C:\Users\ioana\.m2\repository\io\micrometer\micrometer-observation\1.15.0\micrometer-observation-1.15.0.jar;C:\Users\ioana\.m2\repository\io\micrometer\micrometer-commons\1.15.0\micrometer-commons-1.15.0.jar;C:\Users\ioana\.m2\repository\org\springframework\spring-webmvc\6.2.7\spring-webmvc-6.2.7.jar;C:\Users\ioana\.m2\repository\org\springframework\spring-expression\6.2.7\spring-expression-6.2.7.jar;C:\Users\ioana\.m2\repository\org\springframework\boot\spring-boot-starter-validation\3.5.0\spring-boot-starter-validation-3.5.0.jar;C:\Users\ioana\.m2\repository\org\apache\tomcat\embed\tomcat-embed-el\10.1.41\tomcat-embed-el-10.1.41.jar;C:\Users\ioana\.m2\repository\org\hibernate\validator\hibernate-validator\8.0.2.Final\hibernate-validator-8.0.2.Final.jar;C:\Users\ioana\.m2\repository\jakarta\validation\jakarta.validation-api\3.0.2\jakarta.validation-api-3.0.2.jar;C:\Users\ioana\.m2\repository\nz\net\ultraq\thymeleaf\thymeleaf-layout-dialect\3.3.0\thymeleaf-layout-dialect-3.3.0.jar;C:\Users\ioana\.m2\repository\org\apache\groovy\groovy\4.0.26\groovy-4.0.26.jar;C:\Users\ioana\.m2\repository\nz\net\ultraq\groovy\groovy-extensions\2.1.0\groovy-extensions-2.1.0.jar;C:\Users\ioana\.m2\repository\nz\net\ultraq\thymeleaf\thymeleaf-expression-processor\3.2.0\thymeleaf-expression-processor-3.2.0.jar;C:\Users\ioana\.m2\repository\org\thymeleaf\thymeleaf\3.1.3.RELEASE\thymeleaf-3.1.3.RELEASE.jar;C:\Users\ioana\.m2\repository\ognl\ognl\3.3.4\ognl-3.3.4.jar;C:\Users\ioana\.m2\repository\org\javassist\javassist\3.29.0-GA\javassist-3.29.0-GA.jar;C:\Users\ioana\.m2\repository\org\attoparser\attoparser\2.0.7.RELEASE\attoparser-2.0.7.RELEASE.jar;C:\Users\ioana\.m2\repository\org\unbescape\unbescape\1.1.6.RELEASE\unbescape-1.1.6.RELEASE.jar;C:\Users\ioana\.m2\repository\org\slf4j\slf4j-api\2.0.17\slf4j-api-2.0.17.jar;C:\Users\ioana\.m2\repository\com\h2database\h2\2.3.232\h2-2.3.232.jar;C:\Users\ioana\.m2\repository\com\mysql\mysql-connector-j\9.2.0\mysql-connector-j-9.2.0.jar;C:\Users\ioana\.m2\repository\org\projectlombok\lombok\1.18.30\lombok-1.18.30.jar;C:\Users\ioana\.m2\repository\org\springframework\boot\spring-boot-starter-test\3.5.0\spring-boot-starter-test-3.5.0.jar;C:\Users\ioana\.m2\repository\org\springframework\boot\spring-boot-test\3.5.0\spring-boot-test-3.5.0.jar;C:\Users\ioana\.m2\repository\org\springframework\boot\spring-boot-test-autoconfigure\3.5.0\spring-boot-test-autoconfigure-3.5.0.jar;C:\Users\ioana\.m2\repository\com\jayway\jsonpath\json-path\2.9.0\json-path-2.9.0.jar;C:\Users\ioana\.m2\repository\jakarta\xml\bind\jakarta.xml.bind-api\4.0.2\jakarta.xml.bind-api-4.0.2.jar;C:\Users\ioana\.m2\repository\jakarta\activation\jakarta.activation-api\2.1.3\jakarta.activation-api-2.1.3.jar;C:\Users\ioana\.m2\repository\net\minidev\json-smart\2.5.2\json-smart-2.5.2.jar;C:\Users\ioana\.m2\repository\net\minidev\accessors-smart\2.5.2\accessors-smart-2.5.2.jar;C:\Users\ioana\.m2\repository\org\ow2\asm\asm\9.7.1\asm-9.7.1.jar;C:\Users\ioana\.m2\repository\org\assertj\assertj-core\3.27.3\assertj-core-3.27.3.jar;C:\Users\ioana\.m2\repository\org\awaitility\awaitility\4.3.0\awaitility-4.3.0.jar;C:\Users\ioana\.m2\repository\org\hamcrest\hamcrest\3.0\hamcrest-3.0.jar;C:\Users\ioana\.m2\repository\org\junit\jupiter\junit-jupiter\5.12.2\junit-jupiter-5.12.2.jar;C:\Users\ioana\.m2\repository\org\junit\jupiter\junit-jupiter-api\5.12.2\junit-jupiter-api-5.12.2.jar;C:\Users\ioana\.m2\repository\org\opentest4j\opentest4j\1.3.0\opentest4j-1.3.0.jar;C:\Users\ioana\.m2\repository\org\junit\platform\junit-platform-commons\1.12.2\junit-platform-commons-1.12.2.jar;C:\Users\ioana\.m2\repository\org\apiguardian\apiguardian-api\1.1.2\apiguardian-api-1.1.2.jar;C:\Users\ioana\.m2\repository\org\junit\jupiter\junit-jupiter-params\5.12.2\junit-jupiter-params-5.12.2.jar;C:\Users\ioana\.m2\repository\org\junit\jupiter\junit-jupiter-engine\5.12.2\junit-jupiter-engine-5.12.2.jar;C:\Users\ioana\.m2\repository\org\junit\platform\junit-platform-engine\1.12.2\junit-platform-engine-1.12.2.jar;C:\Users\ioana\.m2\repository\org\mockito\mockito-core\5.17.0\mockito-core-5.17.0.jar;C:\Users\ioana\.m2\repository\net\bytebuddy\byte-buddy-agent\1.17.5\byte-buddy-agent-1.17.5.jar;C:\Users\ioana\.m2\repository\org\objenesis\objenesis\3.3\objenesis-3.3.jar;C:\Users\ioana\.m2\repository\org\mockito\mockito-junit-jupiter\5.17.0\mockito-junit-jupiter-5.17.0.jar;C:\Users\ioana\.m2\repository\org\skyscreamer\jsonassert\1.5.3\jsonassert-1.5.3.jar;C:\Users\ioana\.m2\repository\com\vaadin\external\google\android-json\0.0.20131108.vaadin1\android-json-0.0.20131108.vaadin1.jar;C:\Users\ioana\.m2\repository\org\springframework\spring-core\6.2.7\spring-core-6.2.7.jar;C:\Users\ioana\.m2\repository\org\springframework\spring-jcl\6.2.7\spring-jcl-6.2.7.jar;C:\Users\ioana\.m2\repository\org\springframework\spring-test\6.2.7\spring-test-6.2.7.jar;C:\Users\ioana\.m2\repository\org\xmlunit\xmlunit-core\2.10.1\xmlunit-core-2.10.1.jar;C:\Users\ioana\.m2\repository\org\mockito\mockito-inline\5.2.0\mockito-inline-5.2.0.jar;C:\Users\ioana\.m2\repository\org\springframework\boot\spring-boot-starter-aop\3.5.0\spring-boot-starter-aop-3.5.0.jar;C:\Users\ioana\.m2\repository\org\springframework\spring-aop\6.2.7\spring-aop-6.2.7.jar;C:\Users\ioana\.m2\repository\org\aspectj\aspectjweaver\1.9.24\aspectjweaver-1.9.24.jar;C:\Users\ioana\.m2\repository\org\springframework\security\spring-security-test\6.5.0\spring-security-test-6.5.0.jar;C:\Users\ioana\.m2\repository\org\springframework\security\spring-security-core\6.5.0\spring-security-core-6.5.0.jar;C:\Users\ioana\.m2\repository\org\springframework\security\spring-security-crypto\6.5.0\spring-security-crypto-6.5.0.jar;C:\Users\ioana\.m2\repository\org\springframework\security\spring-security-web\6.5.0\spring-security-web-6.5.0.jar;C:\Users\ioana\.m2\repository\org\springframework\boot\spring-boot-starter-security\3.5.0\spring-boot-starter-security-3.5.0.jar;C:\Users\ioana\.m2\repository\org\springframework\security\spring-security-config\6.5.0\spring-security-config-6.5.0.jar;C:\Users\ioana\.m2\repository\org\thymeleaf\extras\thymeleaf-extras-springsecurity6\3.1.3.RELEASE\thymeleaf-extras-springsecurity6-3.1.3.RELEASE.jar;C:\Users\ioana\.m2\repository\org\thymeleaf\thymeleaf-spring6\3.1.3.RELEASE\thymeleaf-spring6-3.1.3.RELEASE.jar;C:\Users\ioana\.m2\repository\org\mapstruct\mapstruct\1.6.0.Beta1\mapstruct-1.6.0.Beta1.jar;C:\Users\ioana\.m2\repository\org\mapstruct\mapstruct-processor\1.6.0.Beta1\mapstruct-processor-1.6.0.Beta1.jar;C:\Users\ioana\.m2\repository\org\projectlombok\lombok-mapstruct-binding\0.2.0\lombok-mapstruct-binding-0.2.0.jar;"/>
    <property name="sun.cpu.endian" value="little"/>
    <property name="user.home" value="C:\Users\ioana"/>
    <property name="user.language" value="en"/>
    <property name="java.specification.vendor" value="Oracle Corporation"/>
    <property name="java.version.date" value="2025-01-21"/>
    <property name="java.home" value="C:\Program Files\Java\jdk-21"/>
    <property name="file.separator" value="\"/>
    <property name="basedir" value="C:\Users\ioana\OneDrive - unibuc.ro\Desktop\Proiect AWBD 2\BingeBuddies"/>
    <property name="java.vm.compressedOopsMode" value="Zero based"/>
    <property name="line.separator" value="&#10;"/>
    <property name="java.vm.specification.vendor" value="Oracle Corporation"/>
    <property name="java.specification.name" value="Java Platform API Specification"/>
    <property name="FILE_LOG_CHARSET" value="UTF-8"/>
    <property name="java.awt.headless" value="true"/>
    <property name="surefire.real.class.path" value="C:\Users\ioana\AppData\Local\Temp\surefire362825778414014012\surefirebooter-20250704211917664_3.jar"/>
    <property name="user.script" value=""/>
    <property name="sun.management.compiler" value="HotSpot 64-Bit Tiered Compilers"/>
    <property name="java.runtime.version" value="21.0.6+8-LTS-188"/>
    <property name="user.name" value="ioana"/>
    <property name="stdout.encoding" value="Cp1252"/>
    <property name="path.separator" value=";"/>
    <property name="os.version" value="10.0"/>
    <property name="java.runtime.name" value="Java(TM) SE Runtime Environment"/>
    <property name="file.encoding" value="UTF-8"/>
    <property name="java.vm.name" value="Java HotSpot(TM) 64-Bit Server VM"/>
    <property name="localRepository" value="C:\Users\ioana\.m2\repository"/>
    <property name="java.vendor.url.bug" value="https://bugreport.java.com/bugreport/"/>
    <property name="java.io.tmpdir" value="C:\Users\ioana\AppData\Local\Temp\"/>
    <property name="com.zaxxer.hikari.pool_number" value="2"/>
    <property name="java.version" value="21.0.6"/>
    <property name="user.dir" value="C:\Users\ioana\OneDrive - unibuc.ro\Desktop\Proiect AWBD 2\BingeBuddies"/>
    <property name="os.arch" value="amd64"/>
    <property name="java.vm.specification.name" value="Java Virtual Machine Specification"/>
    <property name="PID" value="11252"/>
    <property name="sun.os.patch.level" value=""/>
    <property name="CONSOLE_LOG_CHARSET" value="UTF-8"/>
    <property name="native.encoding" value="Cp1252"/>
    <property name="java.library.path" value="C:\Program Files\Java\jdk-21\bin;C:\Windows\Sun\Java\bin;C:\Windows\system32;C:\Windows;C:\Program Files\Common Files\Oracle\Java\javapath;C:\Windows\system32;C:\Windows;C:\Windows\System32\Wbem;C:\Windows\System32\WindowsPowerShell\v1.0\;C:\Windows\System32\OpenSSH\;C:\Program Files (x86)\Windows Kits\10\Windows Performance Toolkit\;C:\Program Files\Microsoft SQL Server\150\Tools\Binn\;C:\Program Files\Microsoft SQL Server\Client SDK\ODBC\170\Tools\Binn\;C:\Program Files\dotnet\;C:\ProgramData\chocolatey\bin;C:\Program Files\Git\cmd;C:\Users\ioana\AppData\Roaming\nvm;C:\Program Files\nodejs;C:\Program Files\nodejs\;C:\Program Files\Docker\Docker\resources\bin;C:\Users\ioana\AppData\Local\Programs\Python\Python312\Scripts\;C:\Users\ioana\AppData\Local\Programs\Python\Python312\;C:\Users\ioana\AppData\Local\Microsoft\WindowsApps;C:\Users\ioana\.dotnet\tools;C:\Users\ioana\AppData\Local\GitHubDesktop\bin;C:\Users\ioana\AppData\Roaming\nvm;C:\Program Files\nodejs;C:\Users\ioana\AppData\Local\Programs\Microsoft VS Code\bin;C:\Users\ioana\AppData\Roaming\npm;C:\Users\ioana\AppData\Local\Programs\MiKTeX\miktex\bin\x64\;C:\Users\ioana\AppData\Local\JetBrains\IntelliJ IDEA 2024.2.3\bin;;C:\Program Files\JetBrains\IntelliJ IDEA Community Edition 2024.2.3\bin;;C:\msys64\ucrt64\bin;C:\Users\ioana\AppData\Local\Programs\Azure Data Studio\bin;C:\Program Files (x86)\apache-maven-3.9.9\bin;;."/>
    <property name="java.vm.info" value="mixed mode, sharing"/>
    <property name="stderr.encoding" value="Cp1252"/>
    <property name="java.vendor" value="Oracle Corporation"/>
    <property name="java.vm.version" value="21.0.6+8-LTS-188"/>
    <property name="sun.io.unicode.encoding" value="UnicodeLittle"/>
    <property name="java.class.version" value="65.0"/>
    <property name="LOGGED_APPLICATION_NAME" value="[BingeBuddies] "/>
  </properties>
  <testcase name="addMovie_ValidMovie_ShouldRedirectToMovies" classname="org.market.bingebuddies.integrationTests.MovieControllerTests" time="0.26">
    <system-out><![CDATA[2025-07-04T21:19:26.862+03:00  INFO 11252 --- [BingeBuddies] [           main] t.c.s.AnnotationConfigContextLoaderUtils : Could not detect default configuration classes for test class [org.market.bingebuddies.integrationTests.MovieControllerTests]: MovieControllerTests does not declare any static, non-private, non-final, nested classes annotated with @Configuration.
2025-07-04T21:19:26.890+03:00  INFO 11252 --- [BingeBuddies] [           main] .b.t.c.SpringBootTestContextBootstrapper : Found @SpringBootConfiguration org.market.bingebuddies.BingeBuddiesApplication for test class org.market.bingebuddies.integrationTests.MovieControllerTests

  .   ____          _            __ _ _
 /\\ / ___'_ __ _ _(_)_ __  __ _ \ \ \ \
( ( )\___ | '_ | '_| | '_ \/ _` | \ \ \ \
 \\/  ___)| |_)| | | | | || (_| |  ) ) ) )
  '  |____| .__|_| |_|_| |_\__, | / / / /
 =========|_|==============|___/=/_/_/_/

 :: Spring Boot ::                (v3.5.0)

2025-07-04T21:19:26.941+03:00  INFO 11252 --- [BingeBuddies] [           main] o.m.b.i.MovieControllerTests             : Starting MovieControllerTests using Java 21.0.6 with PID 11252 (started by ioana in C:\Users\ioana\OneDrive - unibuc.ro\Desktop\Proiect AWBD 2\BingeBuddies)
2025-07-04T21:19:26.942+03:00  INFO 11252 --- [BingeBuddies] [           main] o.m.b.i.MovieControllerTests             : The following 1 profile is active: "h2"
2025-07-04T21:19:27.202+03:00  INFO 11252 --- [BingeBuddies] [           main] .s.d.r.c.RepositoryConfigurationDelegate : Bootstrapping Spring Data JPA repositories in DEFAULT mode.
2025-07-04T21:19:27.234+03:00  INFO 11252 --- [BingeBuddies] [           main] .s.d.r.c.RepositoryConfigurationDelegate : Finished Spring Data repository scanning in 30 ms. Found 6 JPA repository interfaces.
2025-07-04T21:19:27.386+03:00  INFO 11252 --- [BingeBuddies] [           main] o.hibernate.jpa.internal.util.LogHelper  : HHH000204: Processing PersistenceUnitInfo [name: default]
2025-07-04T21:19:27.388+03:00  INFO 11252 --- [BingeBuddies] [           main] o.h.c.internal.RegionFactoryInitiator    : HHH000026: Second-level cache disabled
2025-07-04T21:19:27.398+03:00  INFO 11252 --- [BingeBuddies] [           main] o.s.o.j.p.SpringPersistenceUnitInfo      : No LoadTimeWeaver setup: ignoring JPA class transformer
2025-07-04T21:19:27.399+03:00  INFO 11252 --- [BingeBuddies] [           main] com.zaxxer.hikari.HikariDataSource       : HikariPool-2 - Starting...
2025-07-04T21:19:27.589+03:00  INFO 11252 --- [BingeBuddies] [           main] com.zaxxer.hikari.pool.HikariPool        : HikariPool-2 - Added connection conn0: url=jdbc:h2:mem:bingeBuddiesDB user=SA
2025-07-04T21:19:27.590+03:00  INFO 11252 --- [BingeBuddies] [           main] com.zaxxer.hikari.HikariDataSource       : HikariPool-2 - Start completed.
2025-07-04T21:19:27.598+03:00  WARN 11252 --- [BingeBuddies] [           main] org.hibernate.orm.deprecation            : HHH90000025: H2Dialect does not need to be specified explicitly using 'hibernate.dialect' (remove the property setting and it will be selected by default)
2025-07-04T21:19:27.604+03:00  INFO 11252 --- [BingeBuddies] [           main] org.hibernate.orm.connections.pooling    : HHH10001005: Database info:
	Database JDBC URL [Connecting through datasource 'HikariDataSource (HikariPool-2)']
	Database driver: undefined/unknown
	Database version: 2.3.232
	Autocommit mode: undefined/unknown
	Isolation level: undefined/unknown
	Minimum pool size: undefined/unknown
	Maximum pool size: undefined/unknown
2025-07-04T21:19:27.756+03:00  INFO 11252 --- [BingeBuddies] [           main] o.h.e.t.j.p.i.JtaPlatformInitiator       : HHH000489: No JTA platform available (set 'hibernate.transaction.jta.platform' to enable JTA platform integration)
Hibernate: drop table if exists app_user cascade 
Hibernate: drop table if exists authority cascade 
Hibernate: drop table if exists club_members cascade 
Hibernate: drop table if exists club_settings cascade 
Hibernate: drop table if exists movie cascade 
Hibernate: drop table if exists movie_club cascade 
Hibernate: drop table if exists review cascade 
Hibernate: drop table if exists screening_event cascade 
Hibernate: drop table if exists user_authority cascade 
Hibernate: drop table if exists watchlist cascade 
Hibernate: drop table if exists watchlist_movie cascade 
Hibernate: create table app_user (account_non_expired boolean, account_non_locked boolean, credentials_non_expired boolean, enabled boolean, id bigint generated by default as identity, username varchar(20) not null, password varchar(255) not null, primary key (id))
Hibernate: create table authority (id bigint generated by default as identity, role varchar(255), primary key (id))
Hibernate: create table club_members (club_id bigint not null, user_id bigint not null, primary key (club_id, user_id))
Hibernate: create table club_settings (is_public boolean not null, max_members integer not null check (max_members>=1), id bigint generated by default as identity, primary key (id))
Hibernate: create table movie (avg_rating float(53) check ((avg_rating>=0) and (avg_rating<=5)), release_year integer not null check ((release_year>=2000) and (release_year<=2030)), id bigint generated by default as identity, genre varchar(255) not null, title varchar(255) not null, primary key (id))
Hibernate: create table movie_club (admin_id bigint, id bigint generated by default as identity, settings_id bigint not null unique, description varchar(100), name varchar(100) not null, primary key (id))
Hibernate: create table review (rating integer not null check ((rating>=1) and (rating<=5)), id bigint generated by default as identity, movie_id bigint not null, user_id bigint not null, comment varchar(100), primary key (id))
Hibernate: create table screening_event (club_id bigint not null, date timestamp(6) not null, id bigint generated by default as identity, movie_id bigint not null, primary key (id))
Hibernate: create table user_authority (authority_id bigint not null, user_id bigint not null, primary key (authority_id, user_id))
Hibernate: create table watchlist (club_id bigint not null, id bigint generated by default as identity, name varchar(20) not null, primary key (id))
Hibernate: create table watchlist_movie (movie_id bigint not null, watchlist_id bigint not null, primary key (movie_id, watchlist_id))
Hibernate: alter table if exists club_members add constraint FK7n4dt7r5ep7pn0k4l61nejrtu foreign key (user_id) references app_user
Hibernate: alter table if exists club_members add constraint FK1yqkdkxpwxf23m0xhku0nyk72 foreign key (club_id) references movie_club
Hibernate: alter table if exists movie_club add constraint FKbcc1y2hs4kaj1qc1itwmkmgsk foreign key (settings_id) references club_settings
Hibernate: alter table if exists review add constraint FK8378dhlpvq0e9tnkn9mx0r64i foreign key (movie_id) references movie
Hibernate: alter table if exists review add constraint FKc7y0l3wac4n2ewm6a2uecd54c foreign key (user_id) references app_user
Hibernate: alter table if exists screening_event add constraint FK5s1st4g7gidjbpun6xu51vnf5 foreign key (movie_id) references movie
Hibernate: alter table if exists screening_event add constraint FKqqlicpn1u8i6dhdfqgim8umms foreign key (club_id) references movie_club
Hibernate: alter table if exists user_authority add constraint FKgvxjs381k6f48d5d2yi11uh89 foreign key (authority_id) references authority
Hibernate: alter table if exists user_authority add constraint FKeoyor0ywyy3m5xntqmjvah310 foreign key (user_id) references app_user
Hibernate: alter table if exists watchlist add constraint FKa8lgdd5056jdofvcp93jtq6nv foreign key (club_id) references movie_club
Hibernate: alter table if exists watchlist_movie add constraint FK2uxmu037ud7sa8xtuy2chcknd foreign key (movie_id) references movie
Hibernate: alter table if exists watchlist_movie add constraint FKp028k8ttcl3cvc9ymq4lrgoo5 foreign key (watchlist_id) references watchlist
2025-07-04T21:19:27.824+03:00  INFO 11252 --- [BingeBuddies] [           main] j.LocalContainerEntityManagerFactoryBean : Initialized JPA EntityManagerFactory for persistence unit 'default'
2025-07-04T21:19:27.992+03:00  WARN 11252 --- [BingeBuddies] [           main] JpaBaseConfiguration$JpaWebConfiguration : spring.jpa.open-in-view is enabled by default. Therefore, database queries may be performed during view rendering. Explicitly configure spring.jpa.open-in-view to disable this warning
2025-07-04T21:19:28.006+03:00  INFO 11252 --- [BingeBuddies] [           main] r$InitializeUserDetailsManagerConfigurer : Global AuthenticationManager configured with UserDetailsService bean with name JPAUserDetailsService
2025-07-04T21:19:28.204+03:00  INFO 11252 --- [BingeBuddies] [           main] o.s.b.a.h2.H2ConsoleAutoConfiguration    : H2 console available at '/h2-console'. Database available at 'jdbc:h2:mem:bingeBuddiesDB'
2025-07-04T21:19:28.310+03:00  INFO 11252 --- [BingeBuddies] [           main] o.s.b.t.m.w.SpringBootMockServletContext : Initializing Spring TestDispatcherServlet ''
2025-07-04T21:19:28.310+03:00  INFO 11252 --- [BingeBuddies] [           main] o.s.t.web.servlet.TestDispatcherServlet  : Initializing Servlet ''
2025-07-04T21:19:28.311+03:00  INFO 11252 --- [BingeBuddies] [           main] o.s.t.web.servlet.TestDispatcherServlet  : Completed initialization in 1 ms
2025-07-04T21:19:28.325+03:00  INFO 11252 --- [BingeBuddies] [           main] o.m.b.i.MovieControllerTests             : Started MovieControllerTests in 1.428 seconds (process running for 10.542)
2025-07-04T21:19:28.472+03:00  INFO 11252 --- [BingeBuddies] [           main] o.m.bingebuddies.aspect.LoggingAspect    : >>>> Entering controller method: org.market.bingebuddies.controllers.MovieController.addMovie() with args: [MovieDTO(id=null, title=Matrix, genre=Action, releaseYear=2001, avgRating=4.5, reviews=null), org.springframework.validation.BeanPropertyBindingResult: 0 errors, {}, org.springframework.security.core.userdetails.User [Username=user, Password=[PROTECTED], Enabled=true, AccountNonExpired=true, CredentialsNonExpired=true, AccountNonLocked=true, Granted Authorities=[ROLE_ADMIN]]]
2025-07-04T21:19:28.476+03:00  INFO 11252 --- [BingeBuddies] [           main] o.m.bingebuddies.aspect.LoggingAspect    : >>>> Entering service method: org.market.bingebuddies.services.impl.MovieServiceImpl.addMovie() with args: [MovieDTO(id=null, title=Matrix, genre=Action, releaseYear=2001, avgRating=4.5, reviews=null)]
Hibernate: select m1_0.id,m1_0.avg_rating,m1_0.genre,m1_0.release_year,m1_0.title from movie m1_0 where m1_0.title=? and m1_0.release_year=?
Hibernate: insert into movie (avg_rating,genre,release_year,title,id) values (?,?,?,?,default)
2025-07-04T21:19:28.563+03:00  INFO 11252 --- [BingeBuddies] [           main] o.m.bingebuddies.aspect.LoggingAspect    : <<<< Exiting service method: org.market.bingebuddies.services.impl.MovieServiceImpl.addMovie() with result: MovieDTO(id=1, title=Matrix, genre=Action, releaseYear=2001, avgRating=4.5, reviews=null)
2025-07-04T21:19:28.564+03:00  INFO 11252 --- [BingeBuddies] [           main] o.m.bingebuddies.aspect.LoggingAspect    : <<<< Controller method finished: org.market.bingebuddies.controllers.MovieController.addMovie()
]]></system-out>
  </testcase>
  <testcase name="displayMovies_ShouldReturnMoviesView" classname="org.market.bingebuddies.integrationTests.MovieControllerTests" time="0.978">
    <system-out><![CDATA[2025-07-04T21:19:28.597+03:00  INFO 11252 --- [BingeBuddies] [           main] o.m.bingebuddies.aspect.LoggingAspect    : >>>> Entering controller method: org.market.bingebuddies.controllers.MovieController.displayMovies() with args: [{}]
2025-07-04T21:19:28.597+03:00  INFO 11252 --- [BingeBuddies] [           main] o.m.bingebuddies.aspect.LoggingAspect    : >>>> Entering service method: org.market.bingebuddies.services.impl.MovieServiceImpl.getAllMovies() with args: []
Hibernate: select m1_0.id,m1_0.avg_rating,m1_0.genre,m1_0.release_year,m1_0.title from movie m1_0
2025-07-04T21:19:28.600+03:00  INFO 11252 --- [BingeBuddies] [           main] o.m.bingebuddies.aspect.LoggingAspect    : <<<< Exiting service method: org.market.bingebuddies.services.impl.MovieServiceImpl.getAllMovies() with result: []
2025-07-04T21:19:28.601+03:00  INFO 11252 --- [BingeBuddies] [           main] o.m.bingebuddies.aspect.LoggingAspect    : <<<< Controller method finished: org.market.bingebuddies.controllers.MovieController.displayMovies()
]]></system-out>
  </testcase>
  <testcase name="displayNewMovieForm_AsAdmin_ShouldSucceed" classname="org.market.bingebuddies.integrationTests.MovieControllerTests" time="0.057">
    <system-out><![CDATA[2025-07-04T21:19:29.578+03:00  INFO 11252 --- [BingeBuddies] [           main] o.m.bingebuddies.aspect.LoggingAspect    : >>>> Entering controller method: org.market.bingebuddies.controllers.MovieController.displayNewMovieForm() with args: [{}, org.springframework.security.core.userdetails.User [Username=user, Password=[PROTECTED], Enabled=true, AccountNonExpired=true, CredentialsNonExpired=true, AccountNonLocked=true, Granted Authorities=[ROLE_ADMIN]], {}]
2025-07-04T21:19:29.579+03:00  INFO 11252 --- [BingeBuddies] [           main] o.m.bingebuddies.aspect.LoggingAspect    : <<<< Controller method finished: org.market.bingebuddies.controllers.MovieController.displayNewMovieForm()
]]></system-out>
  </testcase>
  <testcase name="addMovie_InvalidData_ShouldReturnForm" classname="org.market.bingebuddies.integrationTests.MovieControllerTests" time="0.042">
    <system-out><![CDATA[2025-07-04T21:19:29.642+03:00  INFO 11252 --- [BingeBuddies] [           main] o.m.bingebuddies.aspect.LoggingAspect    : >>>> Entering controller method: org.market.bingebuddies.controllers.MovieController.addMovie() with args: [MovieDTO(id=null, title=, genre=, releaseYear=1999, avgRating=null, reviews=null), org.springframework.validation.BeanPropertyBindingResult: 3 errors
Field error in object 'movie' on field 'releaseYear': rejected value [1999]; codes [Min.movie.releaseYear,Min.releaseYear,Min.java.lang.Integer,Min]; arguments [org.springframework.context.support.DefaultMessageSourceResolvable: codes [movie.releaseYear,releaseYear]; arguments []; default message [releaseYear],2000]; default message [Release year must be after 2000.]
Field error in object 'movie' on field 'genre': rejected value []; codes [NotBlank.movie.genre,NotBlank.genre,NotBlank.java.lang.String,NotBlank]; arguments [org.springframework.context.support.DefaultMessageSourceResolvable: codes [movie.genre,genre]; arguments []; default message [genre]]; default message [Movie genre required.]
Field error in object 'movie' on field 'title': rejected value []; codes [NotBlank.movie.title,NotBlank.title,NotBlank.java.lang.String,NotBlank]; arguments [org.springframework.context.support.DefaultMessageSourceResolvable: codes [movie.title,title]; arguments []; default message [title]]; default message [Movie title required.], {}, org.springframework.security.core.userdetails.User [Username=user, Password=[PROTECTED], Enabled=true, AccountNonExpired=true, CredentialsNonExpired=true, AccountNonLocked=true, Granted Authorities=[ROLE_ADMIN]]]
2025-07-04T21:19:29.643+03:00  INFO 11252 --- [BingeBuddies] [           main] o.m.bingebuddies.aspect.LoggingAspect    : <<<< Controller method finished: org.market.bingebuddies.controllers.MovieController.addMovie()
]]></system-out>
  </testcase>
  <testcase name="deleteMovie_ValidId_ShouldRedirectToMovieDetailsIfErrorOccurs" classname="org.market.bingebuddies.integrationTests.MovieControllerTests" time="0.027">
    <system-out><![CDATA[2025-07-04T21:19:29.676+03:00  INFO 11252 --- [BingeBuddies] [           main] o.m.bingebuddies.aspect.LoggingAspect    : >>>> Entering service method: org.market.bingebuddies.services.impl.MovieServiceImpl.addMovie() with args: [MovieDTO(id=null, title=Inception, genre=Sci-Fi, releaseYear=2010, avgRating=4.8, reviews=null)]
Hibernate: select m1_0.id,m1_0.avg_rating,m1_0.genre,m1_0.release_year,m1_0.title from movie m1_0 where m1_0.title=? and m1_0.release_year=?
Hibernate: insert into movie (avg_rating,genre,release_year,title,id) values (?,?,?,?,default)
2025-07-04T21:19:29.681+03:00  INFO 11252 --- [BingeBuddies] [           main] o.m.bingebuddies.aspect.LoggingAspect    : <<<< Exiting service method: org.market.bingebuddies.services.impl.MovieServiceImpl.addMovie() with result: MovieDTO(id=2, title=Inception, genre=Sci-Fi, releaseYear=2010, avgRating=4.8, reviews=null)
2025-07-04T21:19:29.685+03:00  INFO 11252 --- [BingeBuddies] [           main] o.m.bingebuddies.aspect.LoggingAspect    : >>>> Entering controller method: org.market.bingebuddies.controllers.MovieController.deleteMovie() with args: [2, org.springframework.security.core.userdetails.User [Username=user, Password=[PROTECTED], Enabled=true, AccountNonExpired=true, CredentialsNonExpired=true, AccountNonLocked=true, Granted Authorities=[ROLE_ADMIN]], {}]
2025-07-04T21:19:29.685+03:00  INFO 11252 --- [BingeBuddies] [           main] o.m.bingebuddies.aspect.LoggingAspect    : >>>> Entering service method: org.market.bingebuddies.services.impl.MovieServiceImpl.deleteMovie() with args: [2]
2025-07-04T21:19:29.694+03:00  INFO 11252 --- [BingeBuddies] [           main] o.m.bingebuddies.aspect.LoggingAspect    : <<<< Controller method finished: org.market.bingebuddies.controllers.MovieController.deleteMovie()
]]></system-out>
  </testcase>
</testsuite>